<?xml version="1.0" encoding="UTF-8"?>
<!-- Generated by org.testng.reporters.JUnitReportReporter -->
<testsuite hostname="SUNILs-MacBook-Air.local" failures="0" tests="1" name="TestPackage.FirstTest" time="7.357" errors="0" timestamp="2025-03-03T01:55:16 IST" skipped="0">
  <testcase classname="TestPackage.FirstTest" name="test1" time="7.357"/>
</testsuite> <!-- TestPackage.FirstTest -->
